[1.         1.         0.         0.         0.         0.
 0.         0.         0.         0.         0.70911469 0.
 0.90274609 0.         1.         0.         0.         0.
 1.         0.         0.02142822 0.48288562 0.         0.
 0.         0.         0.         0.         0.         0.
 0.         0.         0.         0.         0.         0.
 0.         0.         0.         0.         0.         0.
 1.         0.         0.         0.         0.         0.
 1.         0.         0.         0.         0.         0.
 1.         1.         0.         0.         0.         0.
 0.         0.04674923 0.         0.         0.         0.
 0.         0.         0.         0.         0.         0.
 1.         0.         0.53279441 1.         0.         0.11200166
 0.         0.         0.12910543 0.         0.         0.
 0.         0.         0.         0.         0.         0.
 0.         0.76905174 0.32733895 0.         0.         0.
 0.         0.         0.         1.         0.         0.
 0.         0.         0.         0.         0.         0.
 0.         0.36181654 0.         0.         0.         0.
 0.         0.28522078 0.         0.         0.23547178 0.
 0.         0.         1.         0.24764122 1.         0.
 0.         0.         1.         0.         0.         0.
 0.         0.         0.         1.         0.         0.
 0.         0.6105674  0.         0.         0.         0.
 0.         0.         0.50910612 0.         0.08284894 0.
 0.         0.         0.         1.         0.         0.
 0.         0.         0.         0.         0.         0.
 0.         0.67425301 0.         0.         0.         0.64641345
 0.         0.         0.         0.         0.         0.
 0.         1.         0.         0.         1.         0.04805497
 0.         0.         0.         0.         0.         0.
 0.         0.         0.         0.1368716  0.         1.
 0.86339291 1.         0.         0.         1.         0.
 0.         0.33155732]
